[debug] [2024-11-16T23:32:10.937Z] ----------------------------------------------------------------------
[debug] [2024-11-16T23:32:10.940Z] Command:       C:\Program Files\nodejs\node.exe C:\Users\JuanP\AppData\Roaming\npm\node_modules\firebase-tools\lib\bin\firebase.js init functions
[debug] [2024-11-16T23:32:10.941Z] CLI Version:   13.25.0
[debug] [2024-11-16T23:32:10.941Z] Platform:      win32
[debug] [2024-11-16T23:32:10.941Z] Node Version:  v20.15.1
[debug] [2024-11-16T23:32:10.941Z] Time:          Sat Nov 16 2024 20:32:10 GMT-0300 (hora de verano de Chile)
[debug] [2024-11-16T23:32:10.941Z] ----------------------------------------------------------------------
[debug] 
[debug] [2024-11-16T23:32:10.944Z] >>> [apiv2][query] GET https://firebase-public.firebaseio.com/cli.json [none]
[debug] [2024-11-16T23:32:11.077Z] > command requires scopes: ["email","openid","https://www.googleapis.com/auth/cloudplatformprojects.readonly","https://www.googleapis.com/auth/firebase","https://www.googleapis.com/auth/cloud-platform"]
[debug] [2024-11-16T23:32:11.077Z] > authorizing via signed-in user (jp.tejoz@gmail.com)
[info] 
     ######## #### ########  ######## ########     ###     ######  ########
     ##        ##  ##     ## ##       ##     ##  ##   ##  ##       ##
     ######    ##  ########  ######   ########  #########  ######  ######
     ##        ##  ##    ##  ##       ##     ## ##     ##       ## ##
     ##       #### ##     ## ######## ########  ##     ##  ######  ########

You're about to initialize a Firebase project in this directory:

  C:\Users\JuanP\Nutrifit2

Before we get started, keep in mind:

  * You are initializing within an existing Firebase project directory

[debug] [2024-11-16T23:32:11.464Z] <<< [apiv2][status] GET https://firebase-public.firebaseio.com/cli.json 200
[debug] [2024-11-16T23:32:11.464Z] <<< [apiv2][body] GET https://firebase-public.firebaseio.com/cli.json {"cloudBuildErrorAfter":1594252800000,"cloudBuildWarnAfter":1590019200000,"defaultNode10After":1594252800000,"minVersion":"3.0.5","node8DeploysDisabledAfter":1613390400000,"node8RuntimeDisabledAfter":1615809600000,"node8WarnAfter":1600128000000}
[info] 
=== Project Setup
[info] 
[info] First, let's associate this project directory with a Firebase project.
[info] You can create multiple project aliases by running firebase use --add, 
[info] but for now we'll just set up a default project.
[info] 
[debug] [2024-11-16T23:32:17.881Z] Using project from CLI flag: nutrifit-be62a
[debug] [2024-11-16T23:32:17.882Z] Checked if tokens are valid: false, expires at: 1731469010984
[debug] [2024-11-16T23:32:17.882Z] Checked if tokens are valid: false, expires at: 1731469010984
[debug] [2024-11-16T23:32:17.882Z] > refreshing access token with scopes: []
[debug] [2024-11-16T23:32:17.883Z] >>> [apiv2][query] POST https://www.googleapis.com/oauth2/v3/token [none]
[debug] [2024-11-16T23:32:17.884Z] >>> [apiv2][body] POST https://www.googleapis.com/oauth2/v3/token [omitted]
[debug] [2024-11-16T23:32:17.935Z] <<< [apiv2][status] POST https://www.googleapis.com/oauth2/v3/token 200
[debug] [2024-11-16T23:32:17.935Z] <<< [apiv2][body] POST https://www.googleapis.com/oauth2/v3/token [omitted]
[debug] [2024-11-16T23:32:17.943Z] >>> [apiv2][query] GET https://firebase.googleapis.com/v1beta1/projects/nutrifit-be62a [none]
[debug] [2024-11-16T23:32:18.191Z] <<< [apiv2][status] GET https://firebase.googleapis.com/v1beta1/projects/nutrifit-be62a 200
[debug] [2024-11-16T23:32:18.191Z] <<< [apiv2][body] GET https://firebase.googleapis.com/v1beta1/projects/nutrifit-be62a {"projectId":"nutrifit-be62a","projectNumber":"40112253288","displayName":"Nutrifit","name":"projects/nutrifit-be62a","resources":{"hostingSite":"nutrifit-be62a"},"state":"ACTIVE","etag":"1_f1e1b004-a3c3-4f5c-8e82-79333a247c05"}
[info] i  Using project nutrifit-be62a (Nutrifit) 
[info] 
=== Functions Setup
[debug] [2024-11-16T23:32:18.197Z] > command requires scopes: ["email","openid","https://www.googleapis.com/auth/cloudplatformprojects.readonly","https://www.googleapis.com/auth/firebase","https://www.googleapis.com/auth/cloud-platform"]
[debug] [2024-11-16T23:32:18.197Z] > authorizing via signed-in user (jp.tejoz@gmail.com)
[debug] [2024-11-16T23:32:18.197Z] [iam] checking project nutrifit-be62a for permissions ["firebase.projects.get"]
[debug] [2024-11-16T23:32:18.198Z] Checked if tokens are valid: true, expires at: 1731803536935
[debug] [2024-11-16T23:32:18.198Z] Checked if tokens are valid: true, expires at: 1731803536935
[debug] [2024-11-16T23:32:18.198Z] >>> [apiv2][query] POST https://cloudresourcemanager.googleapis.com/v1/projects/nutrifit-be62a:testIamPermissions [none]
[debug] [2024-11-16T23:32:18.198Z] >>> [apiv2][(partial)header] POST https://cloudresourcemanager.googleapis.com/v1/projects/nutrifit-be62a:testIamPermissions x-goog-quota-user=projects/nutrifit-be62a
[debug] [2024-11-16T23:32:18.198Z] >>> [apiv2][body] POST https://cloudresourcemanager.googleapis.com/v1/projects/nutrifit-be62a:testIamPermissions {"permissions":["firebase.projects.get"]}
[debug] [2024-11-16T23:32:19.053Z] <<< [apiv2][status] POST https://cloudresourcemanager.googleapis.com/v1/projects/nutrifit-be62a:testIamPermissions 200
[debug] [2024-11-16T23:32:19.053Z] <<< [apiv2][body] POST https://cloudresourcemanager.googleapis.com/v1/projects/nutrifit-be62a:testIamPermissions {"permissions":["firebase.projects.get"]}
[debug] [2024-11-16T23:32:19.054Z] Checked if tokens are valid: true, expires at: 1731803536935
[debug] [2024-11-16T23:32:19.054Z] Checked if tokens are valid: true, expires at: 1731803536935
[debug] [2024-11-16T23:32:19.054Z] Checked if tokens are valid: true, expires at: 1731803536935
[debug] [2024-11-16T23:32:19.054Z] Checked if tokens are valid: true, expires at: 1731803536935
[debug] [2024-11-16T23:32:19.054Z] >>> [apiv2][query] GET https://serviceusage.googleapis.com/v1/projects/nutrifit-be62a/services/cloudfunctions.googleapis.com [none]
[debug] [2024-11-16T23:32:19.054Z] >>> [apiv2][(partial)header] GET https://serviceusage.googleapis.com/v1/projects/nutrifit-be62a/services/cloudfunctions.googleapis.com x-goog-quota-user=projects/nutrifit-be62a
[debug] [2024-11-16T23:32:19.055Z] >>> [apiv2][query] GET https://serviceusage.googleapis.com/v1/projects/nutrifit-be62a/services/runtimeconfig.googleapis.com [none]
[debug] [2024-11-16T23:32:19.055Z] >>> [apiv2][(partial)header] GET https://serviceusage.googleapis.com/v1/projects/nutrifit-be62a/services/runtimeconfig.googleapis.com x-goog-quota-user=projects/nutrifit-be62a
[debug] [2024-11-16T23:32:20.156Z] <<< [apiv2][status] GET https://serviceusage.googleapis.com/v1/projects/nutrifit-be62a/services/cloudfunctions.googleapis.com 200
[debug] [2024-11-16T23:32:20.156Z] <<< [apiv2][body] GET https://serviceusage.googleapis.com/v1/projects/nutrifit-be62a/services/cloudfunctions.googleapis.com [omitted]
[debug] [2024-11-16T23:32:20.366Z] <<< [apiv2][status] GET https://serviceusage.googleapis.com/v1/projects/nutrifit-be62a/services/runtimeconfig.googleapis.com 200
[debug] [2024-11-16T23:32:20.366Z] <<< [apiv2][body] GET https://serviceusage.googleapis.com/v1/projects/nutrifit-be62a/services/runtimeconfig.googleapis.com [omitted]
[info] 
Detected existing codebase(s): default, nutrifitdb

[debug] [2024-11-16T23:34:21.422Z] ----------------------------------------------------------------------
[debug] [2024-11-16T23:34:21.425Z] Command:       C:\Program Files\nodejs\node.exe C:\Users\JuanP\AppData\Roaming\npm\node_modules\firebase-tools\lib\bin\firebase.js init functions
[debug] [2024-11-16T23:34:21.426Z] CLI Version:   13.25.0
[debug] [2024-11-16T23:34:21.426Z] Platform:      win32
[debug] [2024-11-16T23:34:21.426Z] Node Version:  v20.15.1
[debug] [2024-11-16T23:34:21.426Z] Time:          Sat Nov 16 2024 20:34:21 GMT-0300 (hora de verano de Chile)
[debug] [2024-11-16T23:34:21.426Z] ----------------------------------------------------------------------
[debug] 
[debug] [2024-11-16T23:34:21.502Z] > command requires scopes: ["email","openid","https://www.googleapis.com/auth/cloudplatformprojects.readonly","https://www.googleapis.com/auth/firebase","https://www.googleapis.com/auth/cloud-platform"]
[debug] [2024-11-16T23:34:21.503Z] > authorizing via signed-in user (jp.tejoz@gmail.com)
[info] 
     ######## #### ########  ######## ########     ###     ######  ########
     ##        ##  ##     ## ##       ##     ##  ##   ##  ##       ##
     ######    ##  ########  ######   ########  #########  ######  ######
     ##        ##  ##    ##  ##       ##     ## ##     ##       ## ##
     ##       #### ##     ## ######## ########  ##     ##  ######  ########

You're about to initialize a Firebase project in this directory:

  C:\Users\JuanP\Nutrifit2

Before we get started, keep in mind:

  * You are initializing within an existing Firebase project directory

[info] 
=== Project Setup
[info] 
[info] First, let's associate this project directory with a Firebase project.
[info] You can create multiple project aliases by running firebase use --add, 
[info] but for now we'll just set up a default project.
[info] 
[debug] [2024-11-16T23:34:23.464Z] Using project from CLI flag: nutrifit-be62a
[debug] [2024-11-16T23:34:23.465Z] Checked if tokens are valid: true, expires at: 1731803536935
[debug] [2024-11-16T23:34:23.465Z] Checked if tokens are valid: true, expires at: 1731803536935
[debug] [2024-11-16T23:34:23.467Z] >>> [apiv2][query] GET https://firebase.googleapis.com/v1beta1/projects/nutrifit-be62a [none]
[debug] [2024-11-16T23:34:23.856Z] <<< [apiv2][status] GET https://firebase.googleapis.com/v1beta1/projects/nutrifit-be62a 200
[debug] [2024-11-16T23:34:23.857Z] <<< [apiv2][body] GET https://firebase.googleapis.com/v1beta1/projects/nutrifit-be62a {"projectId":"nutrifit-be62a","projectNumber":"40112253288","displayName":"Nutrifit","name":"projects/nutrifit-be62a","resources":{"hostingSite":"nutrifit-be62a"},"state":"ACTIVE","etag":"1_f1e1b004-a3c3-4f5c-8e82-79333a247c05"}
[info] i  Using project nutrifit-be62a (Nutrifit) 
[info] 
=== Functions Setup
[debug] [2024-11-16T23:34:23.862Z] > command requires scopes: ["email","openid","https://www.googleapis.com/auth/cloudplatformprojects.readonly","https://www.googleapis.com/auth/firebase","https://www.googleapis.com/auth/cloud-platform"]
[debug] [2024-11-16T23:34:23.862Z] > authorizing via signed-in user (jp.tejoz@gmail.com)
[debug] [2024-11-16T23:34:23.862Z] [iam] checking project nutrifit-be62a for permissions ["firebase.projects.get"]
[debug] [2024-11-16T23:34:23.863Z] Checked if tokens are valid: true, expires at: 1731803536935
[debug] [2024-11-16T23:34:23.863Z] Checked if tokens are valid: true, expires at: 1731803536935
[debug] [2024-11-16T23:34:23.863Z] >>> [apiv2][query] POST https://cloudresourcemanager.googleapis.com/v1/projects/nutrifit-be62a:testIamPermissions [none]
[debug] [2024-11-16T23:34:23.863Z] >>> [apiv2][(partial)header] POST https://cloudresourcemanager.googleapis.com/v1/projects/nutrifit-be62a:testIamPermissions x-goog-quota-user=projects/nutrifit-be62a
[debug] [2024-11-16T23:34:23.863Z] >>> [apiv2][body] POST https://cloudresourcemanager.googleapis.com/v1/projects/nutrifit-be62a:testIamPermissions {"permissions":["firebase.projects.get"]}
[debug] [2024-11-16T23:34:24.700Z] <<< [apiv2][status] POST https://cloudresourcemanager.googleapis.com/v1/projects/nutrifit-be62a:testIamPermissions 200
[debug] [2024-11-16T23:34:24.700Z] <<< [apiv2][body] POST https://cloudresourcemanager.googleapis.com/v1/projects/nutrifit-be62a:testIamPermissions {"permissions":["firebase.projects.get"]}
[debug] [2024-11-16T23:34:24.700Z] Checked if tokens are valid: true, expires at: 1731803536935
[debug] [2024-11-16T23:34:24.700Z] Checked if tokens are valid: true, expires at: 1731803536935
[debug] [2024-11-16T23:34:24.701Z] Checked if tokens are valid: true, expires at: 1731803536935
[debug] [2024-11-16T23:34:24.701Z] Checked if tokens are valid: true, expires at: 1731803536935
[debug] [2024-11-16T23:34:24.701Z] >>> [apiv2][query] GET https://serviceusage.googleapis.com/v1/projects/nutrifit-be62a/services/cloudfunctions.googleapis.com [none]
[debug] [2024-11-16T23:34:24.701Z] >>> [apiv2][(partial)header] GET https://serviceusage.googleapis.com/v1/projects/nutrifit-be62a/services/cloudfunctions.googleapis.com x-goog-quota-user=projects/nutrifit-be62a
[debug] [2024-11-16T23:34:24.702Z] >>> [apiv2][query] GET https://serviceusage.googleapis.com/v1/projects/nutrifit-be62a/services/runtimeconfig.googleapis.com [none]
[debug] [2024-11-16T23:34:24.702Z] >>> [apiv2][(partial)header] GET https://serviceusage.googleapis.com/v1/projects/nutrifit-be62a/services/runtimeconfig.googleapis.com x-goog-quota-user=projects/nutrifit-be62a
[debug] [2024-11-16T23:34:25.765Z] <<< [apiv2][status] GET https://serviceusage.googleapis.com/v1/projects/nutrifit-be62a/services/runtimeconfig.googleapis.com 200
[debug] [2024-11-16T23:34:25.765Z] <<< [apiv2][body] GET https://serviceusage.googleapis.com/v1/projects/nutrifit-be62a/services/runtimeconfig.googleapis.com [omitted]
[debug] [2024-11-16T23:34:25.797Z] <<< [apiv2][status] GET https://serviceusage.googleapis.com/v1/projects/nutrifit-be62a/services/cloudfunctions.googleapis.com 200
[debug] [2024-11-16T23:34:25.797Z] <<< [apiv2][body] GET https://serviceusage.googleapis.com/v1/projects/nutrifit-be62a/services/cloudfunctions.googleapis.com [omitted]
[info] 
Detected existing codebase(s): default, nutrifitdb

[info] 
Overwriting codebase nutrifitdb...

